"../../../Engine/Content/Functions/Engine_MaterialFunctions02/Utility/MakeFloat3.uasset" 0
"../../../../JourneyInside/Content/AdvancedCelShader/CelShader/MaterialFunctions/PackDepth.uasset" 1
"../../../Engine/Content/Functions/Engine_MaterialFunctions01/Gradient/LinearGradient.uasset" 2
"../../../Engine/Content/Functions/Engine_MaterialFunctions01/ImageAdjustment/CheapContrast.uasset" 3
"../../../Engine/Content/Functions/Engine_MaterialFunctions01/ImageAdjustment/SCurve.uasset" 4
"../../../Engine/Content/MapTemplates/TilingNoise05.uasset" 5
"../../../Engine/Content/Functions/Engine_MaterialFunctions01/Texturing/TriplanarCameraVector.uasset" 6
"../../../Engine/Content/Functions/Engine_MaterialFunctions02/Math/AddComponents.uasset" 7
"../../../Engine/Content/Functions/Engine_MaterialFunctions02/Texturing/WorldPositionWithScale.uasset" 8
"../../../Engine/Content/Functions/Engine_MaterialFunctions02/Utility/BreakOutFloat2Components.uasset" 9
"../../../Engine/Content/Functions/Engine_MaterialFunctions02/Utility/BreakOutFloat3Components.uasset" 10
"../../../Engine/Content/Functions/Engine_MaterialFunctions02/Utility/Sign.uasset" 11
"../../../Engine/Content/Functions/Engine_MaterialFunctions02/Utility/Round.uasset" 12
"../../../Engine/Content/EngineMaterials/BlendFunc_DefBase.uasset" 13
"../../../Engine/Content/EngineMaterials/BlendFunc_DefBlend.uasset" 14
"../../../Engine/Content/Functions/Engine_MaterialFunctions03/Blends/Blend_Difference.uasset" 15
"../../../../JourneyInside/Content/AdvancedCelShader/CelShader/MaterialFunctions/Posterize.uasset" 16
"../../../../JourneyInside/Content/AdvancedCelShader/CelShader/MaterialFunctions/CelPosterize.uasset" 17
"../../../../JourneyInside/Content/AdvancedCelShader/CelShader/MaterialFunctions/CustomBlur1.uasset" 18
"../../../../JourneyInside/Content/AdvancedCelShader/CelShader/MaterialFunctions/CustomBlur2.uasset" 19
"../../../../JourneyInside/Content/AdvancedCelShader/CelShader/MaterialFunctions/DepthMask.uasset" 20
"../../../../JourneyInside/Content/AdvancedCelShader/CelShader/MaterialFunctions/EdgeDetectColour.uasset" 21
"../../../../JourneyInside/Content/AdvancedCelShader/CelShader/MaterialFunctions/EdgeDetectDepth.uasset" 22
"../../../../JourneyInside/Content/AdvancedCelShader/CelShader/MaterialFunctions/InnerShadow.uasset" 23
"../../../../JourneyInside/Content/AdvancedCelShader/CelShader/MaterialFunctions/MaskSky.uasset" 24
"../../../../JourneyInside/Content/AdvancedCelShader/CelShader/MaterialFunctions/OuterShadow.uasset" 25
"../../../../JourneyInside/Content/AdvancedCelShader/CelShader/MaterialFunctions/PixellateUVs.uasset" 26
"../../../../JourneyInside/Content/AdvancedCelShader/CelShader/MaterialFunctions/SkyMask.uasset" 27
"../../../../JourneyInside/Content/AdvancedCelShader/CelShader/MaterialFunctions/Slider.uasset" 28
"../../../../JourneyInside/Content/AdvancedCelShader/CelShader/Textures/PrintDots.uasset" 29
"../../../../JourneyInside/Content/AdvancedCelShader/CelShader/Textures/sketch_mask_2.uasset" 30
"../../../../JourneyInside/Content/AdvancedCelShader/CelShader/Textures/spatter.uasset" 31
"../../../../JourneyInside/Content/AdvancedCelShader/CelShader/Textures/watercolour_texture.uasset" 32
"../../../../JourneyInside/Content/AdvancedCelShader/CelShader/Materials/CelShader.uasset" 33
"../../../../JourneyInside/Content/AdvancedCelShader/CelShader/Presets/CelShader80sCartoon.uasset" 34
"../../../../JourneyInside/Content/AdvancedCelShader/CelShader/Textures/paint_normal_normal.uasset" 35
"../../../../JourneyInside/Content/AdvancedCelShader/CelShader/Presets/CelShaderAgedComic.uasset" 36
"../../../../JourneyInside/Content/AdvancedCelShader/CelShader/Presets/CelShaderChalkOnBlackboard.uasset" 37
"../../../../JourneyInside/Content/AdvancedCelShader/CelShader/Textures/burlap.uasset" 38
"../../../../JourneyInside/Content/AdvancedCelShader/CelShader/Presets/CelShaderColouredPencil.uasset" 39
"../../../../JourneyInside/Content/AdvancedCelShader/CelShader/Textures/sketch_mask.uasset" 40
"../../../../JourneyInside/Content/AdvancedCelShader/CelShader/Presets/CelShaderDirtyManga.uasset" 41
"../../../Engine/Content/Functions/Engine_MaterialFunctions01/ImageAdjustment/BlurSampleOffsets.uasset" 42
"../../../Engine/Content/Functions/Engine_MaterialFunctions01/Opacity/CameraDepthFade.uasset" 43
"../../../../JourneyInside/Content/AdvancedCelShader/CelShader/MaterialFunctions/PosterizeForward.uasset" 44
"../../../../JourneyInside/Content/AdvancedCelShader/CelShader/MaterialFunctions/CelPosterizeForward.uasset" 45
"../../../../JourneyInside/Content/AdvancedCelShader/CelShader/MaterialFunctions/EdgeDetectColourForward.uasset" 46
"../../../../JourneyInside/Content/AdvancedCelShader/CelShader/MaterialFunctions/EdgeDetectDepthForward.uasset" 47
"../../../../JourneyInside/Content/AdvancedCelShader/CelShader/Materials/CelShaderForward.uasset" 48
"../../../../JourneyInside/Content/AdvancedCelShader/CelShader/Presets/CelShaderForwardDefault.uasset" 49
"../../../../JourneyInside/Content/AdvancedCelShader/CelShader/Presets/CelShaderHeroComic.uasset" 50
"../../../../JourneyInside/Content/AdvancedCelShader/CelShader/Presets/CelShaderNewsprint.uasset" 51
"../../../../JourneyInside/Content/AdvancedCelShader/CelShader/Presets/CelShaderOldSchoolAdventure.uasset" 52
"../../../../JourneyInside/Content/AdvancedCelShader/CelShader/Textures/brushstrokes.uasset" 53
"../../../../JourneyInside/Content/AdvancedCelShader/CelShader/Presets/CelShaderParchment.uasset" 54
"../../../../JourneyInside/Content/AdvancedCelShader/CelShader/Presets/CelShaderSumi.uasset" 55
"../../../../JourneyInside/Content/AdvancedCelShader/CelShader/Presets/CelShaderTrip.uasset" 56
"../../../../JourneyInside/Content/AdvancedCelShader/CelShader/Presets/CelShaderVoltron.uasset" 57
"../../../../JourneyInside/Content/AdvancedCelShader/CelShader/Textures/flatwhite.uasset" 58
"../../../../JourneyInside/Content/AdvancedCelShader/CelShader/Presets/CelShaderWatercolour.uasset" 59
"../../../../JourneyInside/Content/AdvancedCelShader/CelShader/Presets/CelShaderWindWalker.uasset" 60
"../../../../JourneyInside/Content/AdvancedCelShader/CelShader/MaterialFunctions/EdgeDetectColourv2.uasset" 61
"../../../../JourneyInside/Content/AdvancedCelShader/CelShader/MaterialFunctions/EdgeDetectDepthv2.uasset" 62
"../../../../JourneyInside/Content/AdvancedCelShader/CelShader/Materials/CelShaderV2.uasset" 63
"../../../../JourneyInside/Content/AdvancedCelShader/CelShader/PresetsV2/CelShaderV2_CleanComic.uasset" 64
"../../../../JourneyInside/Content/AdvancedCelShader/CelShader/PresetsV2/CelShaderV2_Radioactive.uasset" 65
"../../../../JourneyInside/Content/Character/MainChar_Packed0_Opacity.uasset" 66
"../../../../JourneyInside/Content/Character/MainChar_Packed0_Specular.uasset" 67
"../../../../JourneyInside/Content/Character/Animations/Doors_open-_AudioTrimmer_com_.uasset" 68
"../../../../JourneyInside/Content/Character/Character_Skeleton.uasset" 69
"../../../../JourneyInside/Content/Character/Animations/Right_Strafe_Walk__1_.uasset" 70
"../../../../JourneyInside/Content/Character/Animations/Wood.uasset" 71
"../../../../JourneyInside/Content/Character/Animations/Idle.uasset" 72
"../../../../JourneyInside/Content/Character/Animations/Left_Strafe_Walk.uasset" 73
"../../../../JourneyInside/Content/Character/Animations/Right_Strafe_Walk.uasset" 74
"../../../../JourneyInside/Content/Character/Animations/Walking__1_.uasset" 75
"../../../../JourneyInside/Content/Character/Animations/Walking_Backward.uasset" 76
"../../../../JourneyInside/Content/Character/Animations/Idle_Walk.uasset" 77
"../../../../JourneyInside/Content/Character/Animations/carpetWalk1.uasset" 78
"../../../../JourneyInside/Content/Character/Animations/carpetWalk2.uasset" 79
"../../../../JourneyInside/Content/Character/Animations/NormalWood_Boots_Walking-_AudioTrimmer_com_.uasset" 80
"../../../../JourneyInside/Content/Character/Animations/NormalWood_Boots_Walking-_AudioTrimmer_com___1_.uasset" 81
"../../../../JourneyInside/Content/Character/Animations/Character_Anim.uasset" 82
"../../../../JourneyInside/Content/Character/MainChar_Packed0_Diffuse.uasset" 83
"../../../../JourneyInside/Content/Character/MainChar_Packed0_Gloss.uasset" 84
"../../../../JourneyInside/Content/Character/MainChar_Packed0_Normal.uasset" 85
"../../../../JourneyInside/Content/Character/Character.uasset" 86
"../../../../JourneyInside/Content/Character/Walking__1__PhysicsAsset.uasset" 87
"../../../../JourneyInside/Content/Character/Character_Mesh.uasset" 88
"../../../../JourneyInside/Content/FirstPersonBP/Blueprints/FirstPersonCharacter.uasset" 89
"../../../../JourneyInside/Content/FirstPersonBP/Blueprints/FirstPersonHUD.uasset" 90
"../../../../JourneyInside/Content/FirstPersonBP/Blueprints/FirstPersonGameMode.uasset" 91
"../../../Engine/Content/EngineMaterials/T_Default_Material_Grid_M.uasset" 92
"../../../Engine/Content/EngineMaterials/T_Default_Material_Grid_N.uasset" 93
"../../../Engine/Content/EngineMaterials/WorldGridMaterial.uasset" 94
"../../../../JourneyInside/Content/Models/journal.uasset" 95
"../../../../JourneyInside/Content/Character/Animations/Carpet.uasset" 96
"../../../../JourneyInside/Content/Textures/CarpetWithInterwovenSquareDesign_basecolor.uasset" 97
"../../../../JourneyInside/Content/Textures/CarpetWithInterwovenSquareDesign_emissive.uasset" 98
"../../../../JourneyInside/Content/Textures/CarpetWithInterwovenSquareDesign_height.uasset" 99
"../../../../JourneyInside/Content/Textures/CarpetWithInterwovenSquareDesign_normal.uasset" 100
"../../../../JourneyInside/Content/Material/Carpet.uasset" 101
"../../../../JourneyInside/Content/Models/korotkatumba1.uasset" 102
"../../../../JourneyInside/Content/StarterContent/Blueprints/Assets/FogBrightnessLUT.uasset" 103
"../../../../JourneyInside/Content/StarterContent/Blueprints/Assets/M_LightStage_Arrows.uasset" 104
"../../../Engine/Content/MapTemplates/Sky/DaylightAmbientCubemap.uasset" 105
"../../../../JourneyInside/Content/StarterContent/Blueprints/Assets/M_LightStage_Skybox_Master.uasset" 106
"../../../../JourneyInside/Content/StarterContent/Blueprints/Assets/M_LightStage_Skybox_Black.uasset" 107
"../../../../JourneyInside/Content/StarterContent/Blueprints/Assets/M_LightStage_Skybox_HDRI.uasset" 108
"../../../../JourneyInside/Content/StarterContent/Blueprints/Assets/Skybox.uasset" 109
"../../../../JourneyInside/Content/StarterContent/Blueprints/Assets/SM_Arrows.uasset" 110
"../../../../JourneyInside/Content/StarterContent/Blueprints/Assets/SunlightColorLUT.uasset" 111
"../../../../JourneyInside/Content/StarterContent/Materials/M_AssetPlatform.uasset" 112
"../../../../JourneyInside/Content/StarterContent/Textures/T_Brick_Clay_Beveled_D.uasset" 113
"../../../../JourneyInside/Content/StarterContent/Textures/T_Brick_Clay_Beveled_M.uasset" 114
"../../../../JourneyInside/Content/StarterContent/Textures/T_Brick_Clay_Beveled_N.uasset" 115
"../../../../JourneyInside/Content/StarterContent/Textures/T_MacroVariation.uasset" 116
"../../../../JourneyInside/Content/StarterContent/Materials/M_Brick_Clay_Beveled.uasset" 117
"../../../../JourneyInside/Content/StarterContent/Textures/T_Brick_Clay_New_D.uasset" 118
"../../../../JourneyInside/Content/StarterContent/Textures/T_Brick_Clay_New_M.uasset" 119
"../../../../JourneyInside/Content/StarterContent/Textures/T_Brick_Clay_New_N.uasset" 120
"../../../../JourneyInside/Content/StarterContent/Textures/T_Detail_Rocky_N.uasset" 121
"../../../../JourneyInside/Content/StarterContent/Materials/M_Brick_Clay_New.uasset" 122
"../../../../JourneyInside/Content/StarterContent/Textures/T_Brick_Clay_Old_D.uasset" 123
"../../../../JourneyInside/Content/StarterContent/Textures/T_Brick_Clay_Old_N.uasset" 124
"../../../../JourneyInside/Content/StarterContent/Textures/T_Perlin_Noise_M.uasset" 125
"../../../../JourneyInside/Content/StarterContent/Materials/M_Brick_Clay_Old.uasset" 126
"../../../../JourneyInside/Content/StarterContent/Textures/T_Brick_Cut_Stone_D.uasset" 127
"../../../../JourneyInside/Content/StarterContent/Textures/T_Brick_Cut_Stone_N.uasset" 128
"../../../../JourneyInside/Content/StarterContent/Materials/M_Brick_Cut_Stone.uasset" 129
"../../../../JourneyInside/Content/StarterContent/Textures/T_Brick_Hewn_Stone_D.uasset" 130
"../../../../JourneyInside/Content/StarterContent/Textures/T_Brick_Hewn_Stone_M.uasset" 131
"../../../../JourneyInside/Content/StarterContent/Textures/T_Brick_Hewn_Stone_N.uasset" 132
"../../../../JourneyInside/Content/StarterContent/Materials/M_Brick_Hewn_Stone.uasset" 133
"../../../../JourneyInside/Content/StarterContent/Textures/T_Ceramic_Tile_M.uasset" 134
"../../../../JourneyInside/Content/StarterContent/Textures/T_Ceramic_Tile_N.uasset" 135
"../../../../JourneyInside/Content/StarterContent/Textures/T_Rock_Marble_Polished_D.uasset" 136
"../../../../JourneyInside/Content/StarterContent/Materials/M_Ceramic_Tile_Checker.uasset" 137
"../../../../JourneyInside/Content/StarterContent/Textures/T_CobbleStone_Pebble_D.uasset" 138
"../../../../JourneyInside/Content/StarterContent/Textures/T_CobbleStone_Pebble_M.uasset" 139
"../../../../JourneyInside/Content/StarterContent/Textures/T_CobbleStone_Pebble_N.uasset" 140
"../../../../JourneyInside/Content/StarterContent/Materials/M_CobbleStone_Pebble.uasset" 141
"../../../../JourneyInside/Content/StarterContent/Textures/T_CobbleStone_Smooth_D.uasset" 142
"../../../../JourneyInside/Content/StarterContent/Textures/T_CobbleStone_Smooth_M.uasset" 143
"../../../../JourneyInside/Content/StarterContent/Textures/T_CobbleStone_Smooth_N.uasset" 144
"../../../../JourneyInside/Content/StarterContent/Textures/T_Gradinet_01.uasset" 145
"../../../../JourneyInside/Content/StarterContent/Textures/T_Rock_Smooth_Granite_D.uasset" 146
"../../../../JourneyInside/Content/StarterContent/Materials/M_CobbleStone_Smooth.uasset" 147
"../../../../JourneyInside/Content/StarterContent/Materials/M_ColorGrid_LowSpec.uasset" 148
"../../../../JourneyInside/Content/StarterContent/Textures/T_Concrete_Grime_D.uasset" 149
"../../../../JourneyInside/Content/StarterContent/Textures/T_Metal_Rust_N.uasset" 150
"../../../../JourneyInside/Content/StarterContent/Materials/M_Concrete_Grime.uasset" 151
"../../../../JourneyInside/Content/StarterContent/Textures/T_Concrete_Panels_D.uasset" 152
"../../../../JourneyInside/Content/StarterContent/Textures/T_Concrete_Panels_N.uasset" 153
"../../../../JourneyInside/Content/StarterContent/Materials/M_Concrete_Panels.uasset" 154
"../../../../JourneyInside/Content/StarterContent/Textures/T_Concrete_Poured_D.uasset" 155
"../../../../JourneyInside/Content/StarterContent/Textures/T_Concrete_Poured_N.uasset" 156
"../../../../JourneyInside/Content/StarterContent/Materials/M_Concrete_Poured.uasset" 157
"../../../../JourneyInside/Content/StarterContent/Textures/T_Concrete_Tiles_D.uasset" 158
"../../../../JourneyInside/Content/StarterContent/Textures/T_Concrete_Tiles_M.uasset" 159
"../../../../JourneyInside/Content/StarterContent/Textures/T_Concrete_Tiles_N.uasset" 160
"../../../../JourneyInside/Content/StarterContent/Textures/T_Concrete_Tiles_Variation_M.uasset" 161
"../../../../JourneyInside/Content/StarterContent/Materials/M_Concrete_Tiles.uasset" 162
"../../../../JourneyInside/Content/StarterContent/Textures/T_Ground_Grass_D.uasset" 163
"../../../../JourneyInside/Content/StarterContent/Textures/T_Ground_Grass_N.uasset" 164
"../../../../JourneyInside/Content/StarterContent/Materials/M_Ground_Grass.uasset" 165
"../../../../JourneyInside/Content/StarterContent/Textures/T_Ground_Gravel_D.uasset" 166
"../../../../JourneyInside/Content/StarterContent/Textures/T_Ground_Gravel_N.uasset" 167
"../../../../JourneyInside/Content/StarterContent/Materials/M_Ground_Gravel.uasset" 168
"../../../../JourneyInside/Content/StarterContent/Textures/T_ground_Moss_D.uasset" 169
"../../../../JourneyInside/Content/StarterContent/Textures/T_Ground_Moss_N.uasset" 170
"../../../../JourneyInside/Content/StarterContent/Materials/M_Ground_Moss.uasset" 171
"../../../Engine/Content/Functions/Engine_MaterialFunctions02/Utility/BlendAngleCorrectedNormals.uasset" 172
"../../../../JourneyInside/Content/StarterContent/Textures/T_Metal_Rust_D.uasset" 173
"../../../../JourneyInside/Content/StarterContent/Materials/M_Metal_Rust.uasset" 174
"../../../../JourneyInside/Content/StarterContent/Textures/T_Rock_Basalt_D.uasset" 175
"../../../../JourneyInside/Content/StarterContent/Textures/T_Rock_Basalt_N.uasset" 176
"../../../../JourneyInside/Content/StarterContent/Materials/M_Rock_Basalt.uasset" 177
"../../../../JourneyInside/Content/StarterContent/Textures/T_Metal_Gold_N.uasset" 178
"../../../../JourneyInside/Content/StarterContent/Materials/M_Rock_Marble_Polished.uasset" 179
"../../../../JourneyInside/Content/StarterContent/Textures/T_Rock_Sandstone_D.uasset" 180
"../../../../JourneyInside/Content/StarterContent/Textures/T_Rock_Sandstone_N.uasset" 181
"../../../../JourneyInside/Content/StarterContent/Materials/M_Rock_Sandstone.uasset" 182
"../../../../JourneyInside/Content/StarterContent/Textures/T_Rock_Slate_D.uasset" 183
"../../../../JourneyInside/Content/StarterContent/Textures/T_Rock_Slate_N.uasset" 184
"../../../../JourneyInside/Content/StarterContent/Materials/M_Rock_Slate.uasset" 185
"../../../../JourneyInside/Content/StarterContent/Textures/T_Checker_Noise_M.uasset" 186
"../../../../JourneyInside/Content/StarterContent/Textures/T_Single_Tile_N.uasset" 187
"../../../../JourneyInside/Content/StarterContent/Textures/T_Tech_Dot_M.uasset" 188
"../../../../JourneyInside/Content/StarterContent/Textures/T_Tech_Dot_N.uasset" 189
"../../../../JourneyInside/Content/StarterContent/Materials/M_Tech_Checker_Dot.uasset" 190
"../../../../JourneyInside/Content/StarterContent/Textures/T_Tech_Hex_Tile_M.uasset" 191
"../../../../JourneyInside/Content/StarterContent/Textures/T_Tech_Hex_Tile_N.uasset" 192
"../../../../JourneyInside/Content/StarterContent/Materials/M_Tech_Hex_Tile.uasset" 193
"../../../../JourneyInside/Content/StarterContent/Materials/M_Tech_Hex_Tile_Pulse.uasset" 194
"../../../../JourneyInside/Content/StarterContent/Textures/T_Metal_Steel_D.uasset" 195
"../../../../JourneyInside/Content/StarterContent/Textures/T_Tech_Panel_M.uasset" 196
"../../../../JourneyInside/Content/StarterContent/Textures/T_Tech_Panel_N.uasset" 197
"../../../../JourneyInside/Content/StarterContent/Materials/M_Tech_Panel.uasset" 198
"../../../../JourneyInside/Content/StarterContent/Textures/T_Water_N.uasset" 199
"../../../../JourneyInside/Content/StarterContent/Materials/M_Water_Lake.uasset" 200
"../../../../JourneyInside/Content/StarterContent/Textures/T_Water_M.uasset" 201
"../../../../JourneyInside/Content/StarterContent/Materials/M_Water_Ocean.uasset" 202
"../../../../JourneyInside/Content/StarterContent/Textures/T_Wood_Floor_Walnut_D.uasset" 203
"../../../../JourneyInside/Content/StarterContent/Textures/T_Wood_Floor_Walnut_M.uasset" 204
"../../../../JourneyInside/Content/StarterContent/Textures/T_Wood_Floor_Walnut_N.uasset" 205
"../../../../JourneyInside/Content/StarterContent/Materials/M_Wood_Floor_Walnut_Polished.uasset" 206
"../../../../JourneyInside/Content/StarterContent/Textures/T_Chair_M.uasset" 207
"../../../../JourneyInside/Content/StarterContent/Textures/T_Chair_N.uasset" 208
"../../../../JourneyInside/Content/StarterContent/Props/Materials/M_Chair.uasset" 209
"../../../../JourneyInside/Content/StarterContent/Props/Materials/M_MaterialSphere.uasset" 210
"../../../../JourneyInside/Content/StarterContent/Props/Materials/M_MaterialSphere_Plain.uasset" 211
"../../../../JourneyInside/Content/StarterContent/Textures/T_RockMesh_M.uasset" 212
"../../../../JourneyInside/Content/StarterContent/Textures/T_RockMesh_N.uasset" 213
"../../../../JourneyInside/Content/StarterContent/Props/Materials/M_Rock.uasset" 214
"../../../../JourneyInside/Content/StarterContent/Textures/T_Statue_M.uasset" 215
"../../../../JourneyInside/Content/StarterContent/Textures/T_Statue_N.uasset" 216
"../../../../JourneyInside/Content/StarterContent/Props/Materials/M_Statue.uasset" 217
"../../../../JourneyInside/Content/StarterContent/Props/Materials/M_StatueGlass.uasset" 218
"../../../../JourneyInside/Content/StarterContent/Textures/T_TableRound_M.uasset" 219
"../../../../JourneyInside/Content/StarterContent/Textures/T_TableRound_N.uasset" 220
"../../../../JourneyInside/Content/StarterContent/Props/Materials/M_TableRound.uasset" 221
"../../../../JourneyInside/Content/StarterContent/Materials/M_Basic_Wall.uasset" 222
"../../../../JourneyInside/Content/StarterContent/Shapes/Shape_Cone.uasset" 223
"../../../../JourneyInside/Content/StarterContent/Shapes/Shape_Cube.uasset" 224
"../../../../JourneyInside/Content/StarterContent/Shapes/Shape_Cylinder.uasset" 225
"../../../../JourneyInside/Content/StarterContent/Shapes/Shape_NarrowCapsule.uasset" 226
"../../../../JourneyInside/Content/StarterContent/Shapes/Shape_Pipe.uasset" 227
"../../../../JourneyInside/Content/StarterContent/Shapes/Shape_Pipe_180.uasset" 228
"../../../../JourneyInside/Content/StarterContent/Shapes/Shape_Pipe_90.uasset" 229
"../../../../JourneyInside/Content/StarterContent/Shapes/Shape_Plane.uasset" 230
"../../../../JourneyInside/Content/StarterContent/Shapes/Shape_QuadPyramid.uasset" 231
"../../../../JourneyInside/Content/StarterContent/Shapes/Shape_Sphere.uasset" 232
"../../../../JourneyInside/Content/StarterContent/Shapes/Shape_Torus.uasset" 233
"../../../../JourneyInside/Content/StarterContent/Shapes/Shape_Trim.uasset" 234
"../../../../JourneyInside/Content/StarterContent/Shapes/Shape_Trim_90_In.uasset" 235
"../../../../JourneyInside/Content/StarterContent/Shapes/Shape_Trim_90_Out.uasset" 236
"../../../../JourneyInside/Content/StarterContent/Shapes/Shape_TriPyramid.uasset" 237
"../../../../JourneyInside/Content/StarterContent/Shapes/Shape_Tube.uasset" 238
"../../../../JourneyInside/Content/StarterContent/Shapes/Shape_Wedge_A.uasset" 239
"../../../../JourneyInside/Content/StarterContent/Shapes/Shape_Wedge_B.uasset" 240
"../../../../JourneyInside/Content/StarterContent/Shapes/Shape_WideCapsule.uasset" 241
"../../../../JourneyInside/Content/StarterContent/Textures/T_Burst_M.uasset" 242
"../../../../JourneyInside/Content/StarterContent/Textures/T_Dust_Particle_D.uasset" 243
"../../../../JourneyInside/Content/StarterContent/Textures/T_Explosion_SubUV.uasset" 244
"../../../../JourneyInside/Content/StarterContent/Textures/T_Fire_SubUV.uasset" 245
"../../../../JourneyInside/Content/StarterContent/Textures/T_Fire_Tiled_D.uasset" 246
"../../../../JourneyInside/Content/StarterContent/Textures/T_Smoke_SubUV.uasset" 247
"../../../../JourneyInside/Content/StarterContent/Textures/T_Smoke_Tiled_D.uasset" 248
"../../../../JourneyInside/Content/StarterContent/Textures/T_Spark_Core.uasset" 249
"../../../../JourneyInside/Content/Textures/CarpetWithInterwovenSquareDesign_mrao.uasset" 250
"../../../../JourneyInside/Content/Textures/CarpetWithInterwovenSquareDesign_opacity.uasset" 251
"../../../../JourneyInside/Content/Textures/CleanEbonyWood_mrao.uasset" 252
"../../../../JourneyInside/Content/Textures/CleanEbonyWood_opacity.uasset" 253
"../../../../JourneyInside/Content/Textures/ComplexSwirledWallpaper_mrao.uasset" 254
"../../../../JourneyInside/Content/Textures/ComplexSwirledWallpaper_opacity.uasset" 255
"../../../../JourneyInside/Content/Textures/OrnateWallpaper_mrao.uasset" 256
"../../../../JourneyInside/Content/Textures/OrnateWallpaper_opacity.uasset" 257
"../../../../JourneyInside/Content/Textures/VelvetFabric_mrao.uasset" 258
"../../../../JourneyInside/Content/Textures/VelvetFabric_opacity.uasset" 259
"../../../Engine/Content/ArtTools/RenderToTexture/Meshes/S_1_Unit_Plane.uasset" 260
"../../../Engine/Content/EngineMaterials/DefaultMaterial.uasset" 261
"../../../Engine/Content/BasicShapes/Cone.uasset" 262
"../../../Engine/Content/BasicShapes/Cube.uasset" 263
"../../../Engine/Content/BasicShapes/Cylinder.uasset" 264
"../../../Engine/Content/BasicShapes/Plane.uasset" 265
"../../../Engine/Content/BasicShapes/Sphere.uasset" 266
"../../../Engine/Content/EngineDamageTypes/DmgTypeBP_Environmental.uasset" 267
"../../../Engine/Content/EngineDebugMaterials/HeatmapGradient.uasset" 268
"../../../Engine/Content/EngineDebugMaterials/BoneWeightMaterial.uasset" 269
"../../../Engine/Content/EngineDebugMaterials/ClothMaterial.uasset" 270
"../../../Engine/Content/EngineDebugMaterials/ClothMaterial_WF.uasset" 271
"../../../Engine/Content/EngineDebugMaterials/DebugEditorMaterial.uasset" 272
"../../../Engine/Content/EngineDebugMaterials/DebugMeshMaterial.uasset" 273
"../../../Engine/Content/EngineDebugMaterials/GeomMaterial.uasset" 274
"../../../Engine/Content/EngineDebugMaterials/M_SimpleTranslucent.uasset" 275
"../../../Engine/Content/EngineFonts/Faces/RobotoBold.uasset" 276
"../../../Engine/Content/EngineFonts/Faces/RobotoBoldItalic.uasset" 277
"../../../Engine/Content/EngineFonts/Faces/RobotoItalic.uasset" 278
"../../../Engine/Content/EngineFonts/Faces/RobotoLight.uasset" 279
"../../../Engine/Content/EngineFonts/Faces/RobotoRegular.uasset" 280
"../../../Engine/Content/EngineFonts/Roboto.uasset" 281
"../../../Engine/Content/EngineFonts/Faces/RobotoTiny.uasset" 282
"../../../Engine/Content/EngineFonts/RobotoTiny.uasset" 283
"../../../Engine/Content/EngineMaterials/BaseFlattenDiffuseMap.uasset" 284
"../../../Engine/Content/EngineMaterials/BaseFlattenEmissiveMap.uasset" 285
"../../../Engine/Content/EngineMaterials/BaseFlattenGrayscaleMap.uasset" 286
"../../../Engine/Content/EngineMaterials/BaseFlattenNormalMap.uasset" 287
"../../../Engine/Content/EngineMaterials/BaseFlattenMaterial.uasset" 288
"../../../Engine/Content/EngineMaterials/DefaultBloomKernel.uasset" 289
"../../../Engine/Content/EngineMaterials/DefaultBokeh.uasset" 290
"../../../Engine/Content/EngineMaterials/DefaultDiffuse.uasset" 291
"../../../Engine/Content/EngineMaterials/DefaultDeferredDecalMaterial.uasset" 292
"../../../Engine/Content/EngineMaterials/DefaultLightFunctionMaterial.uasset" 293
"../../../Engine/Content/EngineMaterials/DefaultPhysicalMaterial.uasset" 294
"../../../Engine/Content/EngineMaterials/DefaultPostProcessMaterial.uasset" 295
"../../../Engine/Content/EngineFonts/RobotoDistanceField.uasset" 296
"../../../Engine/Content/EngineMaterials/DefaultTextMaterialOpaque.uasset" 297
"../../../Engine/Content/EngineMaterials/DefaultWhiteGrid.uasset" 298
"../../../Engine/Content/EngineMaterials/EditorBrushMaterial.uasset" 299
"../../../Engine/Content/EngineMaterials/Good64x64TilingNoiseHighFreq.uasset" 300
"../../../Engine/Content/EngineMaterials/MiniFont.uasset" 301
"../../../Engine/Content/EngineMaterials/InvalidLightmapSettings.uasset" 302
"../../../Engine/Content/EngineMaterials/M_InvalidLightmapSettings.uasset" 303
"../../../Engine/Content/Functions/Engine_MaterialFunctions02/WorldPositionOffset/CameraOffset.uasset" 304
"../../../Engine/Content/EngineMaterials/PhAT_JointLimitMaterial.uasset" 305
"../../../Engine/Content/EngineMaterials/PreintegratedSkinBRDF.uasset" 306
"../../../Engine/Content/EngineMaterials/RemoveSurfaceMaterial.uasset" 307
"../../../Engine/Content/EngineMaterials/WeightMapPlaceholderTexture.uasset" 308
"../../../Engine/Content/EngineResources/WhiteSquareTexture.uasset" 309
"../../../Engine/Content/EngineMaterials/Widget3DPassThrough.uasset" 310
"../../../Engine/Content/EngineMaterials/Widget3DPassThrough_Masked.uasset" 311
"../../../Engine/Content/EngineMaterials/Widget3DPassThrough_Opaque.uasset" 312
"../../../Engine/Content/EngineMaterials/Widget3DPassThrough_Masked_OneSided.uasset" 313
"../../../Engine/Content/EngineMaterials/Widget3DPassThrough_Opaque_OneSided.uasset" 314
"../../../Engine/Content/EngineMaterials/Widget3DPassThrough_Translucent.uasset" 315
"../../../Engine/Content/EngineMaterials/Widget3DPassThrough_Translucent_OneSided.uasset" 316
"../../../Engine/Content/EngineMeshes/Cylinder.uasset" 317
"../../../Engine/Content/EngineMeshes/Sphere.uasset" 318
"../../../Engine/Content/EngineResources/Black.uasset" 319
"../../../Engine/Content/EngineResources/DefaultTexture.uasset" 320
"../../../Engine/Content/EngineResources/DefaultTextureCube.uasset" 321
"../../../Engine/Content/EngineResources/DefaultVolumeTexture2D.uasset" 322
"../../../Engine/Content/EngineResources/DefaultVolumeTexture.uasset" 323
"../../../Engine/Content/EngineResources/GradientTexture0.uasset" 324
"../../../Engine/Content/EngineSounds/Master.uasset" 325
"../../../Engine/Content/Functions/Engine_MaterialFunctions01/Shading/ConvertFromDiffSpec.uasset" 326
"../../../Engine/Content/Functions/Engine_MaterialFunctions01/Shading/PowerToRoughness.uasset" 327
"../../../Engine/Content/Maps/Templates/Thumbnails/Default.uasset" 328
"../../../Engine/Content/Maps/Templates/Thumbnails/VR-Basic.uasset" 329
"../../../Engine/Content/MobileResources/T_MobileControls_texture.uasset" 330
"../../../Engine/Content/MobileResources/T_MobileMenu2.uasset" 331
"../../../Engine/Content/MobileResources/HUD/AnalogHat.uasset" 332
"../../../Engine/Content/MobileResources/HUD/VirtualJoystick_Background.uasset" 333
"../../../Engine/Content/MobileResources/HUD/VirtualJoystick_Thumb.uasset" 334
"../../../Engine/Content/MobileResources/HUD/DefaultVirtualJoysticks.uasset" 335
"../../../Engine/Content/MobileResources/HUD/LeftVirtualJoystickOnly.uasset" 336
"../../../Engine/Content/MobileResources/HUD/MobileHUDButton1_off.uasset" 337
"../../../Engine/Content/MobileResources/HUD/MobileHUDButton1_on.uasset" 338
"../../../Engine/Content/MobileResources/HUD/MobileHUDButton2_off.uasset" 339
"../../../Engine/Content/MobileResources/HUD/MobileHUDButton2_on.uasset" 340
"../../../Engine/Content/MobileResources/HUD/MobileHUDButton3.uasset" 341
"../../../Engine/Content/MobileResources/HUD/MobileHUDButtonFire.uasset" 342
"../../../Engine/Content/MobileResources/HUD/MobileHUDDirectionPad.uasset" 343
"../../../Engine/Content/MobileResources/HUD/MobileHUDDirectionPad2.uasset" 344
"../../../Engine/Content/MobileResources/HUD/MobileHUDDirectionPad3.uasset" 345
"../../../Engine/Content/MobileResources/HUD/MobileHUDDirectionStick.uasset" 346
"../../../Engine/Content/MobileResources/HUD/T_Castle_ThumbstickInner.uasset" 347
"../../../Engine/Content/MobileResources/HUD/T_Castle_ThumbstickOutter.uasset" 348
"../../../Engine/Content/Tutorial/ContentIntroCurve.uasset" 349
"../../Plugins/2D/Paper2D/Content/PlaceholderTextures/DummySpriteTexture.uasset" 350
"../../Plugins/2D/Paper2D/Content/DummySprite.uasset" 351
"../../Plugins/2D/Paper2D/Content/DefaultPaperTerrainMaterial.uasset" 352
"../../Plugins/2D/Paper2D/Content/DefaultSpriteMaterial.uasset" 353
"../../Plugins/2D/Paper2D/Content/MaskedUnlitSpriteMaterial.uasset" 354
"../../Plugins/2D/Paper2D/Content/OpaqueUnlitSpriteMaterial.uasset" 355
"../../Plugins/Runtime/Oculus/OculusVR/Content/Materials/PokeAHoleMaterial.uasset" 356
"../../Plugins/Runtime/Oculus/OculusVR/Content/Textures/GearVRController_AO.uasset" 357
"../../Plugins/Runtime/Oculus/OculusVR/Content/Textures/GearVRController_Color.uasset" 358
"../../Plugins/Runtime/Oculus/OculusVR/Content/Textures/GearVRController_Normal.uasset" 359
"../../Plugins/Runtime/Oculus/OculusVR/Content/Materials/GearVRControllerMaterial.uasset" 360
"../../Plugins/Runtime/Oculus/OculusVR/Content/Meshes/GearVrController.uasset" 361
"../../Plugins/Runtime/Oculus/OculusVR/Content/Textures/touchController_albedo.uasset" 362
"../../Plugins/Runtime/Oculus/OculusVR/Content/Textures/touchController_controlmap.uasset" 363
"../../Plugins/Runtime/Oculus/OculusVR/Content/Materials/touchController_mat.uasset" 364
"../../Plugins/Runtime/Oculus/OculusVR/Content/Meshes/LeftTouchController.uasset" 365
"../../Plugins/Runtime/Oculus/OculusVR/Content/Meshes/RiftHMD.uasset" 366
"../../Plugins/Runtime/Oculus/OculusVR/Content/Meshes/RightTouchController.uasset" 367
"../../../../JourneyInside/Content/Textures/CleanEbonyWood_basecolor.uasset" 368
"../../../../JourneyInside/Content/Textures/CleanEbonyWood_emissive.uasset" 369
"../../../../JourneyInside/Content/Textures/CleanEbonyWood_height.uasset" 370
"../../../../JourneyInside/Content/Textures/CleanEbonyWood_normal.uasset" 371
"../../../../JourneyInside/Content/Material/Door.uasset" 372
"../../../../JourneyInside/Content/Material/Door_2.uasset" 373
"../../../../JourneyInside/Content/StarterContent/Textures/T_Metal_Copper_D.uasset" 374
"../../../../JourneyInside/Content/StarterContent/Materials/M_Metal_Copper.uasset" 375
"../../../../JourneyInside/Content/Models/doorsPerfect.uasset" 376
"../../../../JourneyInside/Content/FirstPersonBP/Blueprints/BP_Door.uasset" 377
"../../../../JourneyInside/Content/Textures/MindSpace.uasset" 378
"../../../../JourneyInside/Content/Material/M_MindSpace.uasset" 379
"../../../Engine/Content/EngineSky/T_Sky_Blue.uasset" 380
"../../../Engine/Content/EngineSky/T_Sky_Clouds_M.uasset" 381
"../../../Engine/Content/EngineSky/T_Sky_Stars.uasset" 382
"../../../Engine/Content/EngineSky/M_Sky_Panning_Clouds2.uasset" 383
"../../../Engine/Content/EngineSky/SM_SkySphere.uasset" 384
"../../../../JourneyInside/Content/FirstPersonBP/Blueprints/BP_Skybox.uasset" 385
"../../../../JourneyInside/Content/FirstPersonBP/Blueprints/StartText.uasset" 386
"../../../../JourneyInside/Content/Levels/Entrance_BuiltData.uasset" 387
"../../../../JourneyInside/Content/AdvancedCelShader/CelShader/Presets/CelShaderAnime.uasset" 388
"../../../../JourneyInside/Content/Music/Purple_Planet_Music_-_Emotional_-_Remembrance.uasset" 389
"../../../../JourneyInside/Content/Music/Background.uasset" 390
"../../../../JourneyInside/Content/Levels/Entrance.umap" 391
"../../../../JourneyInside/Content/StarterContent/Materials/M_Basic_Floor.uasset" 392
"../../../../JourneyInside/Content/Models/plashch.uasset" 393
"../../../../JourneyInside/Content/Voice/RoomFinish.uasset" 394
"../../../../JourneyInside/Content/FirstPersonBP/Blueprints/Storyteller_BP_Coat.uasset" 395
"../../../Engine/Content/MapTemplates/Sky/M_BlackBackground.uasset" 396
"../../../../JourneyInside/Content/StarterContent/Textures/T_Door_M.uasset" 397
"../../../../JourneyInside/Content/StarterContent/Textures/T_Door_N.uasset" 398
"../../../../JourneyInside/Content/StarterContent/Props/Materials/M_Door.uasset" 399
"../../../../JourneyInside/Content/Models/shoes.uasset" 400
"../../../../JourneyInside/Content/Voice/Shoes.uasset" 401
"../../../../JourneyInside/Content/FirstPersonBP/Blueprints/Storyteller_BP_Shoes.uasset" 402
"../../../../JourneyInside/Content/StarterContent/Textures/T_CobbleStone_Rough_D.uasset" 403
"../../../../JourneyInside/Content/StarterContent/Textures/T_CobbleStone_Rough_N.uasset" 404
"../../../../JourneyInside/Content/StarterContent/Materials/M_CobbleStone_Rough.uasset" 405
"../../../Engine/Content/Tutorial/SubEditors/TutorialAssets/Character/TutorialTPP_Mat.uasset" 406
"../../../../JourneyInside/Content/StarterContent/Materials/M_Metal_Brushed_Nickel.uasset" 407
"../../../../JourneyInside/Content/StarterContent/Textures/T_Wood_Walnut_D.uasset" 408
"../../../../JourneyInside/Content/StarterContent/Textures/T_Wood_Walnut_N.uasset" 409
"../../../../JourneyInside/Content/StarterContent/Materials/M_Wood_Walnut.uasset" 410
"../../../../JourneyInside/Content/Models/umbrella.uasset" 411
"../../../../JourneyInside/Content/Voice/Umbrella.uasset" 412
"../../../../JourneyInside/Content/FirstPersonBP/Blueprints/Storyteller_BP_Umbrella.uasset" 413
"../../../../JourneyInside/Content/StarterContent/Textures/T_Lamp_M.uasset" 414
"../../../../JourneyInside/Content/StarterContent/Textures/T_Lamp_N.uasset" 415
"../../../../JourneyInside/Content/StarterContent/Props/Materials/M_Lamp.uasset" 416
"../../../../JourneyInside/Content/StarterContent/Props/SM_Lamp_Ceiling.uasset" 417
"../../../../JourneyInside/Content/StarterContent/Blueprints/Blueprint_CeilingLight.uasset" 418
"../../../../JourneyInside/Content/StarterContent/Props/SM_Lamp_Wall.uasset" 419
"../../../../JourneyInside/Content/StarterContent/Blueprints/Blueprint_WallSconce.uasset" 420
"../../../../JourneyInside/Content/Levels/FirstRoom_BuiltData.uasset" 421
"../../../Engine/Content/BasicShapes/BasicShapeMaterial.uasset" 422
"../../../Engine/Content/Tutorial/SubEditors/TutorialAssets/TutorialMaterial.uasset" 423
"../../../../JourneyInside/Content/Textures/OrnateWallpaper_basecolor.uasset" 424
"../../../../JourneyInside/Content/Textures/OrnateWallpaper_emissive.uasset" 425
"../../../../JourneyInside/Content/Textures/OrnateWallpaper_height.uasset" 426
"../../../../JourneyInside/Content/Textures/OrnateWallpaper_normal.uasset" 427
"../../../../JourneyInside/Content/Material/Wallpaper.uasset" 428
"../../../Engine/Content/Functions/Engine_MaterialFunctions01/Opacity/AlphaOffset.uasset" 429
"../../../../JourneyInside/Content/StarterContent/Materials/M_Wood_Floor_Walnut_Worn.uasset" 430
"../../../../JourneyInside/Content/StarterContent/Textures/T_Wood_Oak_D.uasset" 431
"../../../../JourneyInside/Content/StarterContent/Textures/T_Wood_Oak_N.uasset" 432
"../../../../JourneyInside/Content/StarterContent/Materials/M_Wood_Oak.uasset" 433
"../../../../JourneyInside/Content/Models/dovgatumba2.uasset" 434
"../../../../JourneyInside/Content/StarterContent/Textures/T_Metal_Gold_D.uasset" 435
"../../../../JourneyInside/Content/StarterContent/Materials/M_Metal_Gold.uasset" 436
"../../../../JourneyInside/Content/Models/Gachok.uasset" 437
"../../../../JourneyInside/Content/Models/karpet__3_.uasset" 438
"../../../../JourneyInside/Content/Textures/VelvetFabric_basecolor.uasset" 439
"../../../../JourneyInside/Content/Textures/VelvetFabric_emissive.uasset" 440
"../../../../JourneyInside/Content/Textures/VelvetFabric_height.uasset" 441
"../../../../JourneyInside/Content/Textures/VelvetFabric_normal.uasset" 442
"../../../../JourneyInside/Content/Material/Velvet.uasset" 443
"../../../../JourneyInside/Content/Models/LAVka.uasset" 444
"../../../../JourneyInside/Content/Models/shafa2.uasset" 445
"../../../../JourneyInside/Content/Models/vase.uasset" 446
"../../../../JourneyInside/Content/StarterContent/Architecture/Floor_400x400.uasset" 447
"../../../../JourneyInside/Content/StarterContent/Architecture/Wall_400x400.uasset" 448
"../../../../JourneyInside/Content/StarterContent/Textures/T_Frame_M.uasset" 449
"../../../../JourneyInside/Content/StarterContent/Textures/T_Frame_N.uasset" 450
"../../../../JourneyInside/Content/StarterContent/Props/Materials/M_Frame.uasset" 451
"../../../../JourneyInside/Content/StarterContent/Props/SM_DoorFrame.uasset" 452
"../../../../JourneyInside/Content/Voice/FirstRoom.uasset" 453
"../../../../JourneyInside/Content/Levels/FirstRoom.umap" 454
"../../../../JourneyInside/Content/Models/book.uasset" 455
"../../../../JourneyInside/Content/FirstPersonBP/Blueprints/Storyteller_BP_Book.uasset" 456
"../../../../JourneyInside/Content/Textures/map.uasset" 457
"../../../../JourneyInside/Content/Material/map_Mat.uasset" 458
"../../../../JourneyInside/Content/Voice/Map.uasset" 459
"../../../../JourneyInside/Content/FirstPersonBP/Blueprints/Storyteller_BP_Map.uasset" 460
"../../../../JourneyInside/Content/Models/korobka.uasset" 461
"../../../../JourneyInside/Content/Voice/Pizza.uasset" 462
"../../../../JourneyInside/Content/FirstPersonBP/Blueprints/Storyteller_BP_Pizza.uasset" 463
"../../../../JourneyInside/Content/StarterContent/Textures/T_Bush_D.uasset" 464
"../../../../JourneyInside/Content/StarterContent/Textures/T_Bush_N.uasset" 465
"../../../../JourneyInside/Content/StarterContent/Props/Materials/M_Bush.uasset" 466
"../../../../JourneyInside/Content/StarterContent/Props/SM_Bush.uasset" 467
"../../../../JourneyInside/Content/Voice/Tree.uasset" 468
"../../../../JourneyInside/Content/FirstPersonBP/Blueprints/Storyteller_BP_Tree.uasset" 469
"../../../../JourneyInside/Content/Levels/SecondRoom_BuiltData.uasset" 470
"../../../../JourneyInside/Content/StarterContent/Materials/M_Metal_Chrome.uasset" 471
"../../../../JourneyInside/Content/StarterContent/Textures/T_Metal_Steel_N.uasset" 472
"../../../../JourneyInside/Content/StarterContent/Materials/M_Metal_Steel.uasset" 473
"../../../../JourneyInside/Content/Models/corotkstumba2.uasset" 474
"../../../../JourneyInside/Content/Models/dyvan2.uasset" 475
"../../../../JourneyInside/Content/StarterContent/Materials/M_Glass.uasset" 476
"../../../../JourneyInside/Content/Models/tableJur.uasset" 477
"../../../../JourneyInside/Content/Models/tableTV.uasset" 478
"../../../../JourneyInside/Content/StarterContent/Textures/T_Metal_Aluminum_D.uasset" 479
"../../../../JourneyInside/Content/StarterContent/Materials/M_Metal_Burnished_Steel.uasset" 480
"../../../../JourneyInside/Content/Models/TV.uasset" 481
"../../../../JourneyInside/Content/StarterContent/Textures/T_Shelf_M.uasset" 482
"../../../../JourneyInside/Content/StarterContent/Textures/T_Shelf_N.uasset" 483
"../../../../JourneyInside/Content/StarterContent/Props/Materials/M_Shelf.uasset" 484
"../../../../JourneyInside/Content/StarterContent/Props/SM_Shelf.uasset" 485
"../../../../JourneyInside/Content/Voice/SecondRoom.uasset" 486
"../../../../JourneyInside/Content/Levels/SecondRoom.umap" 487
"../../../../JourneyInside/Content/FirstPersonBP/Blueprints/BP_LastTasks.uasset" 488
"../../../../JourneyInside/Content/Models/Ash.uasset" 489
"../../../../JourneyInside/Content/Voice/Ash.uasset" 490
"../../../../JourneyInside/Content/FirstPersonBP/Blueprints/Storyteller_BP_Ash.uasset" 491
"../../../../JourneyInside/Content/Models/bear.uasset" 492
"../../../../JourneyInside/Content/FirstPersonBP/Blueprints/Storyteller_BP_Bear.uasset" 493
"../../../../JourneyInside/Content/Models/ramka.uasset" 494
"../../../../JourneyInside/Content/Voice/Frame.uasset" 495
"../../../../JourneyInside/Content/FirstPersonBP/Blueprints/Storyteller_BP_Frame.uasset" 496
"../../../../JourneyInside/Content/Models/glasses.uasset" 497
"../../../../JourneyInside/Content/Voice/Glasses.uasset" 498
"../../../../JourneyInside/Content/FirstPersonBP/Blueprints/Storyteller_BP_Glasses.uasset" 499
"../../../../JourneyInside/Content/Levels/ThirdRoom_BuiltData.uasset" 500
"../../../../JourneyInside/Content/Textures/ComplexSwirledWallpaper_basecolor.uasset" 501
"../../../../JourneyInside/Content/Textures/ComplexSwirledWallpaper_emissive.uasset" 502
"../../../../JourneyInside/Content/Textures/ComplexSwirledWallpaper_height.uasset" 503
"../../../../JourneyInside/Content/Textures/ComplexSwirledWallpaper_normal.uasset" 504
"../../../../JourneyInside/Content/Material/Wallpaper1.uasset" 505
"../../../../JourneyInside/Content/StarterContent/Textures/T_Wood_Pine_D.uasset" 506
"../../../../JourneyInside/Content/StarterContent/Textures/T_Wood_Pine_N.uasset" 507
"../../../../JourneyInside/Content/StarterContent/Materials/M_Wood_Pine.uasset" 508
"../../../../JourneyInside/Content/Models/bed.uasset" 509
"../../../../JourneyInside/Content/Voice/Room3.uasset" 510
"../../../../JourneyInside/Content/Levels/ThirdRoom.umap" 511
"../../../Engine/Content/Maps/Entry_BuiltData.uasset" 512
"../../../Engine/Content/Maps/Entry.umap" 513
